andengineLibrary/AndEngine-GLES2-AnchorCenter/build/outputs/logs/manifest-merger-release-report.txt
-- Merging decision tree log ---
manifest
ADDED from andengineLibrary/AndEngine-GLES2-AnchorCenter/AndroidManifest.xml:2:1-11:12
INJECTED from andengineLibrary/AndEngine-GLES2-AnchorCenter/AndroidManifest.xml:2:1-11:12
INJECTED from andengineLibrary/AndEngine-GLES2-AnchorCenter/AndroidManifest.xml:2:1-11:12
INJECTED from andengineLibrary/AndEngine-GLES2-AnchorCenter/AndroidManifest.xml:2:1-11:12
INJECTED from andengineLibrary/AndEngine-GLES2-AnchorCenter/AndroidManifest.xml:2:1-11:12
INJECTED from andengineLibrary/AndEngine-GLES2-AnchorCenter/AndroidManifest.xml:2:1-11:12
INJECTED from andengineLibrary/AndEngine-GLES2-AnchorCenter/AndroidManifest.xml:2:1-11:12
	package
		ADDED from andengineLibrary/AndEngine-GLES2-AnchorCenter/AndroidManifest.xml:3:2-25
		INJECTED from andengineLibrary/AndEngine-GLES2-AnchorCenter/AndroidManifest.xml
		INJECTED from andengineLibrary/AndEngine-GLES2-AnchorCenter/AndroidManifest.xml
	android:versionName
		ADDED from andengineLibrary/AndEngine-GLES2-AnchorCenter/AndroidManifest.xml:5:2-27
		INJECTED from andengineLibrary/AndEngine-GLES2-AnchorCenter/AndroidManifest.xml
		INJECTED from andengineLibrary/AndEngine-GLES2-AnchorCenter/AndroidManifest.xml
	xmlns:android
		ADDED from andengineLibrary/AndEngine-GLES2-AnchorCenter/AndroidManifest.xml:2:11-69
	android:versionCode
		ADDED from andengineLibrary/AndEngine-GLES2-AnchorCenter/AndroidManifest.xml:4:2-25
		INJECTED from andengineLibrary/AndEngine-GLES2-AnchorCenter/AndroidManifest.xml
		INJECTED from andengineLibrary/AndEngine-GLES2-AnchorCenter/AndroidManifest.xml
uses-feature#0x00020000
ADDED from andengineLibrary/AndEngine-GLES2-AnchorCenter/AndroidManifest.xml:7:2-74
	android:glEsVersion
		ADDED from andengineLibrary/AndEngine-GLES2-AnchorCenter/AndroidManifest.xml:7:16-48
	android:required
		ADDED from andengineLibrary/AndEngine-GLES2-AnchorCenter/AndroidManifest.xml:7:49-72
application
ADDED from andengineLibrary/AndEngine-GLES2-AnchorCenter/AndroidManifest.xml:10:2-16
uses-sdk
INJECTED from andengineLibrary/AndEngine-GLES2-AnchorCenter/AndroidManifest.xml reason: use-sdk injection requested
INJECTED from andengineLibrary/AndEngine-GLES2-AnchorCenter/AndroidManifest.xml
INJECTED from andengineLibrary/AndEngine-GLES2-AnchorCenter/AndroidManifest.xml
INJECTED from andengineLibrary/AndEngine-GLES2-AnchorCenter/AndroidManifest.xml
INJECTED from andengineLibrary/AndEngine-GLES2-AnchorCenter/AndroidManifest.xml
	android:targetSdkVersion
		INJECTED from andengineLibrary/AndEngine-GLES2-AnchorCenter/AndroidManifest.xml
		ADDED from andengineLibrary/AndEngine-GLES2-AnchorCenter/AndroidManifest.xml
		INJECTED from andengineLibrary/AndEngine-GLES2-AnchorCenter/AndroidManifest.xml
	android:minSdkVersion
		INJECTED from andengineLibrary/AndEngine-GLES2-AnchorCenter/AndroidManifest.xml
		ADDED from andengineLibrary/AndEngine-GLES2-AnchorCenter/AndroidManifest.xml
		INJECTED from andengineLibrary/AndEngine-GLES2-AnchorCenter/AndroidManifest.xml